#
# There is insufficient memory for the Java Runtime Environment to continue.
# Native memory allocation (malloc) failed to allocate 1314896 bytes for Chunk::new
# Possible reasons:
#   The system is out of physical RAM or swap space
#   The process is running with CompressedOops enabled, and the Java Heap may be blocking the growth of the native heap
# Possible solutions:
#   Reduce memory load on the system
#   Increase physical memory or swap space
#   Check if swap backing store is full
#   Decrease Java heap size (-Xmx/-Xms)
#   Decrease number of Java threads
#   Decrease Java thread stack sizes (-Xss)
#   Set larger code cache with -XX:ReservedCodeCacheSize=
#   JVM is running with Unscaled Compressed Oops mode in which the Java heap is
#     placed in the first 4GB address space. The Java Heap base address is the
#     maximum limit for the native heap growth. Please use -XX:HeapBaseMinAddress
#     to set the Java Heap base and to place the Java Heap above 4GB virtual address.
# This output file may be truncated or incomplete.
#
#  Out of Memory Error (./src/hotspot/share/memory/arena.cpp:197), pid=1508, tid=1604
#
# JRE version: OpenJDK Runtime Environment AdoptOpenJDK (11.0.10+9) (build 11.0.10+9)
# Java VM: OpenJDK 64-Bit Server VM AdoptOpenJDK (11.0.10+9, mixed mode, tiered, compressed oops, g1 gc, windows-amd64)
# No core dump will be written. Minidumps are not enabled by default on client versions of Windows
#

---------------  S U M M A R Y ------------

Command Line: --add-opens=java.base/java.util=ALL-UNNAMED --add-opens=java.base/java.lang=ALL-UNNAMED --add-opens=java.base/java.lang.invoke=ALL-UNNAMED --add-opens=java.base/java.util=ALL-UNNAMED --add-opens=java.prefs/java.util.prefs=ALL-UNNAMED --add-opens=java.prefs/java.util.prefs=ALL-UNNAMED --add-opens=java.base/java.nio.charset=ALL-UNNAMED --add-opens=java.base/java.net=ALL-UNNAMED --add-opens=java.base/java.util.concurrent.atomic=ALL-UNNAMED -XX:MaxMetaspaceSize=256m -XX:+HeapDumpOnOutOfMemoryError -Xms256m -Xmx512m -Dfile.encoding=utf8 -Duser.country=FR -Duser.language=fr -Duser.variant org.gradle.launcher.daemon.bootstrap.GradleDaemon 7.2

Host: Intel(R) Core(TM) i7-8750H CPU @ 2.20GHz, 12 cores, 11G,  Windows 10 , 64 bit Build 19041 (10.0.19041.1889)
Time: Wed Oct 12 17:20:40 2022 Paris, Madrid (heure d’été) elapsed time: 3.880114 seconds (0d 0h 0m 3s)

---------------  T H R E A D  ---------------

Current thread (0x0000026efdda4000):  JavaThread "C2 CompilerThread0" daemon [_thread_in_native, id=1604, stack(0x000000b652c00000,0x000000b652d00000)]


Current CompileTask:
C2:   3880 2204       4       java.net.URLClassLoader$1::run (5 bytes)

Stack: [0x000000b652c00000,0x000000b652d00000]
Native frames: (J=compiled Java code, j=interpreted, Vv=VM code, C=native code)
V  [jvm.dll+0x5f35ea]
V  [jvm.dll+0x77c65e]
V  [jvm.dll+0x77dd2f]
V  [jvm.dll+0x77e3f3]
V  [jvm.dll+0x246c38]
V  [jvm.dll+0xbe6cc]
V  [jvm.dll+0xbedcc]
V  [jvm.dll+0x34bfd7]
V  [jvm.dll+0x198919]
V  [jvm.dll+0x200632]
V  [jvm.dll+0x1ff70f]
V  [jvm.dll+0x1846bc]
V  [jvm.dll+0x20ec37]
V  [jvm.dll+0x20ce1b]
V  [jvm.dll+0x740b39]
V  [jvm.dll+0x739ba4]
V  [jvm.dll+0x5f2466]
C  [ucrtbase.dll+0x21bb2]
C  [KERNEL32.DLL+0x17034]
C  [ntdll.dll+0x526a1]


---------------  P R O C E S S  ---------------

Threads class SMR info:
_java_thread_list=0x0000026e986a56a0, length=30, elements={
0x0000026ef8e42800, 0x0000026efd3e6800, 0x0000026efd414000, 0x0000026efdd9b800,
0x0000026efdd9c800, 0x0000026efdd9f000, 0x0000026efdda4000, 0x0000026efdda5000,
0x0000026efdda8000, 0x0000026efdf1c800, 0x0000026e976a0800, 0x0000026efef4f000,
0x0000026efe0e3000, 0x0000026e97b24800, 0x0000026efe8af800, 0x0000026e978ef800,
0x0000026e978aa800, 0x0000026e978ab000, 0x0000026e982f7000, 0x0000026e98a7a800,
0x0000026e98a7b000, 0x0000026e98a7c800, 0x0000026e98a78000, 0x0000026e98ba1000,
0x0000026e98a7d800, 0x0000026e98a78800, 0x0000026e98a79800, 0x0000026e98a7e800,
0x0000026e98a7c000, 0x0000026e992b2000
}

Java Threads: ( => current thread )
  0x0000026ef8e42800 JavaThread "main" [_thread_blocked, id=9768, stack(0x000000b652000000,0x000000b652100000)]
  0x0000026efd3e6800 JavaThread "Reference Handler" daemon [_thread_blocked, id=12184, stack(0x000000b652700000,0x000000b652800000)]
  0x0000026efd414000 JavaThread "Finalizer" daemon [_thread_blocked, id=19384, stack(0x000000b652800000,0x000000b652900000)]
  0x0000026efdd9b800 JavaThread "Signal Dispatcher" daemon [_thread_blocked, id=7216, stack(0x000000b652900000,0x000000b652a00000)]
  0x0000026efdd9c800 JavaThread "Attach Listener" daemon [_thread_blocked, id=2952, stack(0x000000b652a00000,0x000000b652b00000)]
  0x0000026efdd9f000 JavaThread "Service Thread" daemon [_thread_blocked, id=13752, stack(0x000000b652b00000,0x000000b652c00000)]
=>0x0000026efdda4000 JavaThread "C2 CompilerThread0" daemon [_thread_in_native, id=1604, stack(0x000000b652c00000,0x000000b652d00000)]
  0x0000026efdda5000 JavaThread "C1 CompilerThread0" daemon [_thread_in_vm, id=12932, stack(0x000000b652d00000,0x000000b652e00000)]
  0x0000026efdda8000 JavaThread "Sweeper thread" daemon [_thread_blocked, id=6088, stack(0x000000b652e00000,0x000000b652f00000)]
  0x0000026efdf1c800 JavaThread "Common-Cleaner" daemon [_thread_blocked, id=2328, stack(0x000000b652f00000,0x000000b653000000)]
  0x0000026e976a0800 JavaThread "Daemon health stats" [_thread_blocked, id=2280, stack(0x000000b653800000,0x000000b653900000)]
  0x0000026efef4f000 JavaThread "Incoming local TCP Connector on port 56777" [_thread_in_native, id=11336, stack(0x000000b653100000,0x000000b653200000)]
  0x0000026efe0e3000 JavaThread "Daemon periodic checks" [_thread_blocked, id=14724, stack(0x000000b653200000,0x000000b653300000)]
  0x0000026e97b24800 JavaThread "Daemon" [_thread_blocked, id=20888, stack(0x000000b653900000,0x000000b653a00000)]
  0x0000026efe8af800 JavaThread "Handler for socket connection from /127.0.0.1:56777 to /127.0.0.1:56778" [_thread_in_native, id=10036, stack(0x000000b653a00000,0x000000b653b00000)]
  0x0000026e978ef800 JavaThread "Cancel handler" [_thread_blocked, id=12712, stack(0x000000b653b00000,0x000000b653c00000)]
  0x0000026e978aa800 JavaThread "Daemon worker" [_thread_in_Java, id=16212, stack(0x000000b653c00000,0x000000b653d00000)]
  0x0000026e978ab000 JavaThread "Asynchronous log dispatcher for DefaultDaemonConnection: socket connection from /127.0.0.1:56777 to /127.0.0.1:56778" [_thread_blocked, id=12992, stack(0x000000b653d00000,0x000000b653e00000)]
  0x0000026e982f7000 JavaThread "Stdin handler" [_thread_blocked, id=5240, stack(0x000000b653e00000,0x000000b653f00000)]
  0x0000026e98a7a800 JavaThread "Daemon client event forwarder" [_thread_blocked, id=17572, stack(0x000000b653f00000,0x000000b654000000)]
  0x0000026e98a7b000 JavaThread "Cache worker for journal cache (C:\Users\idest\.gradle\caches\journal-1)" [_thread_blocked, id=13472, stack(0x000000b654000000,0x000000b654100000)]
  0x0000026e98a7c800 JavaThread "File lock request listener" [_thread_in_native, id=12304, stack(0x000000b654100000,0x000000b654200000)]
  0x0000026e98a78000 JavaThread "Cache worker for file hash cache (C:\Users\idest\.gradle\caches\7.2\fileHashes)" [_thread_blocked, id=9556, stack(0x000000b654800000,0x000000b654900000)]
  0x0000026e98ba1000 JavaThread "C2 CompilerThread1" daemon [_thread_in_native, id=4280, stack(0x000000b654900000,0x000000b654a00000)]
  0x0000026e98a7d800 JavaThread "Cache worker for file hash cache (D:\Documents\GitHub\TPGildedRose\GildedRose\.gradle\7.2\fileHashes)" [_thread_blocked, id=10304, stack(0x000000b654a00000,0x000000b654b00000)]
  0x0000026e98a78800 JavaThread "File watcher server" daemon [_thread_in_native, id=12896, stack(0x000000b654b00000,0x000000b654c00000)]
  0x0000026e98a79800 JavaThread "File watcher consumer" daemon [_thread_blocked, id=12404, stack(0x000000b654c00000,0x000000b654d00000)]
  0x0000026e98a7e800 JavaThread "jar transforms" [_thread_blocked, id=20412, stack(0x000000b654d00000,0x000000b654e00000)]
  0x0000026e98a7c000 JavaThread "jar transforms Thread 2" [_thread_blocked, id=12476, stack(0x000000b654e00000,0x000000b654f00000)]
  0x0000026e992b2000 JavaThread "C2 CompilerThread2" daemon [_thread_in_native, id=8528, stack(0x000000b654f00000,0x000000b655000000)]

Other Threads:
  0x0000026efd3e5000 VMThread "VM Thread" [stack: 0x000000b652600000,0x000000b652700000] [id=3784]
  0x0000026efdf4a000 WatcherThread [stack: 0x000000b653000000,0x000000b653100000] [id=3040]
  0x0000026ef8e5d800 GCTaskThread "GC Thread#0" [stack: 0x000000b652100000,0x000000b652200000] [id=18456]
  0x0000026efed65800 GCTaskThread "GC Thread#1" [stack: 0x000000b653300000,0x000000b653400000] [id=12128]
  0x0000026efeb2f000 GCTaskThread "GC Thread#2" [stack: 0x000000b653400000,0x000000b653500000] [id=10288]
  0x0000026efe4d3000 GCTaskThread "GC Thread#3" [stack: 0x000000b653500000,0x000000b653600000] [id=21196]
  0x0000026efec3f800 GCTaskThread "GC Thread#4" [stack: 0x000000b653600000,0x000000b653700000] [id=22036]
  0x0000026efebc1800 GCTaskThread "GC Thread#5" [stack: 0x000000b653700000,0x000000b653800000] [id=19284]
  0x0000026e97e65800 GCTaskThread "GC Thread#6" [stack: 0x000000b654200000,0x000000b654300000] [id=8312]
  0x0000026e97e68000 GCTaskThread "GC Thread#7" [stack: 0x000000b654300000,0x000000b654400000] [id=8072]
  0x0000026e97e66800 GCTaskThread "GC Thread#8" [stack: 0x000000b654400000,0x000000b654500000] [id=13184]
  0x0000026e97e64800 GCTaskThread "GC Thread#9" [stack: 0x000000b654500000,0x000000b654600000] [id=4548]
  0x0000026ef8e70000 ConcurrentGCThread "G1 Main Marker" [stack: 0x000000b652200000,0x000000b652300000] [id=3188]
  0x0000026ef8e71800 ConcurrentGCThread "G1 Conc#0" [stack: 0x000000b652300000,0x000000b652400000] [id=18296]
  0x0000026e97e67000 ConcurrentGCThread "G1 Conc#1" [stack: 0x000000b654600000,0x000000b654700000] [id=1956]
  0x0000026e97e68800 ConcurrentGCThread "G1 Conc#2" [stack: 0x000000b654700000,0x000000b654800000] [id=2764]
  0x0000026efd27a800 ConcurrentGCThread "G1 Refine#0" [stack: 0x000000b652400000,0x000000b652500000] [id=1804]
  0x0000026efd27b800 ConcurrentGCThread "G1 Young RemSet Sampling" [stack: 0x000000b652500000,0x000000b652600000] [id=6212]

Threads with active compile tasks:
C2 CompilerThread0   3932 2204       4       java.net.URLClassLoader$1::run (5 bytes)
C2 CompilerThread1   3932 2205   !   4       java.net.URLClassLoader$1::run (63 bytes)
C2 CompilerThread2   3932 2289   !   4       java.util.jar.Attributes::read (390 bytes)

VM state:not at safepoint (normal execution)

VM Mutex/Monitor currently owned by a thread: None

Heap address: 0x00000000e0000000, size: 512 MB, Compressed Oops mode: 32-bit
Narrow klass base: 0x0000000000000000, Narrow klass shift: 3
Compressed class space size: 260046848 Address: 0x0000000100000000

Heap:
 garbage-first heap   total 262144K, used 66780K [0x00000000e0000000, 0x0000000100000000)
  region size 1024K, 51 young (52224K), 1 survivors (1024K)
 Metaspace       used 28021K, capacity 28792K, committed 28976K, reserved 280576K
  class space    used 3627K, capacity 3887K, committed 3968K, reserved 253952K
Heap Regions: E=young(eden), S=young(survivor), O=old, HS=humongous(starts), HC=humongous(continues), CS=collection set, F=free, A=archive, TAMS=top-at-mark-start (previous, next)
|   0|0x00000000e0000000, 0x00000000e0100000, 0x00000000e0100000|100%| O|  |TAMS 0x00000000e0000000, 0x00000000e0000000| Untracked 
|   1|0x00000000e0100000, 0x00000000e0200000, 0x00000000e0200000|100%| O|  |TAMS 0x00000000e0100000, 0x00000000e0100000| Untracked 
|   2|0x00000000e0200000, 0x00000000e0300000, 0x00000000e0300000|100%| O|  |TAMS 0x00000000e0200000, 0x00000000e0200000| Untracked 
|   3|0x00000000e0300000, 0x00000000e0400000, 0x00000000e0400000|100%|HS|  |TAMS 0x00000000e0400000, 0x00000000e0300000| Complete 
|   4|0x00000000e0400000, 0x00000000e0500000, 0x00000000e0500000|100%|HC|  |TAMS 0x00000000e0500000, 0x00000000e0400000| Complete 
|   5|0x00000000e0500000, 0x00000000e0600000, 0x00000000e0600000|100%|HC|  |TAMS 0x00000000e0600000, 0x00000000e0500000| Complete 
|   6|0x00000000e0600000, 0x00000000e0700000, 0x00000000e0700000|100%| O|  |TAMS 0x00000000e0700000, 0x00000000e0600000| Untracked 
|   7|0x00000000e0700000, 0x00000000e0800000, 0x00000000e0800000|100%| O|  |TAMS 0x00000000e0800000, 0x00000000e0700000| Untracked 
|   8|0x00000000e0800000, 0x00000000e0900000, 0x00000000e0900000|100%| O|  |TAMS 0x00000000e0900000, 0x00000000e0800000| Untracked 
|   9|0x00000000e0900000, 0x00000000e0a00000, 0x00000000e0a00000|100%| O|  |TAMS 0x00000000e0928400, 0x00000000e0900000| Untracked 
|  10|0x00000000e0a00000, 0x00000000e0b00000, 0x00000000e0b00000|100%| O|  |TAMS 0x00000000e0a00000, 0x00000000e0a00000| Untracked 
|  11|0x00000000e0b00000, 0x00000000e0c00000, 0x00000000e0c00000|100%| O|  |TAMS 0x00000000e0b00000, 0x00000000e0b00000| Untracked 
|  12|0x00000000e0c00000, 0x00000000e0d00000, 0x00000000e0d00000|100%| O|  |TAMS 0x00000000e0c00000, 0x00000000e0c00000| Untracked 
|  13|0x00000000e0d00000, 0x00000000e0e00000, 0x00000000e0e00000|100%| O|  |TAMS 0x00000000e0d00000, 0x00000000e0d00000| Untracked 
|  14|0x00000000e0e00000, 0x00000000e0f00000, 0x00000000e0f00000|100%| O|  |TAMS 0x00000000e0e00000, 0x00000000e0e00000| Untracked 
|  15|0x00000000e0f00000, 0x00000000e1000000, 0x00000000e1000000|100%| O|  |TAMS 0x00000000e0f00000, 0x00000000e0f00000| Untracked 
|  16|0x00000000e1000000, 0x00000000e1037200, 0x00000000e1100000| 21%| O|  |TAMS 0x00000000e1000000, 0x00000000e1000000| Untracked 
|  17|0x00000000e1100000, 0x00000000e1100000, 0x00000000e1200000|  0%| F|  |TAMS 0x00000000e1100000, 0x00000000e1100000| Untracked 
|  18|0x00000000e1200000, 0x00000000e1200000, 0x00000000e1300000|  0%| F|  |TAMS 0x00000000e1200000, 0x00000000e1200000| Untracked 
|  19|0x00000000e1300000, 0x00000000e1300000, 0x00000000e1400000|  0%| F|  |TAMS 0x00000000e1300000, 0x00000000e1300000| Untracked 
|  20|0x00000000e1400000, 0x00000000e1400000, 0x00000000e1500000|  0%| F|  |TAMS 0x00000000e1400000, 0x00000000e1400000| Untracked 
|  21|0x00000000e1500000, 0x00000000e1500000, 0x00000000e1600000|  0%| F|  |TAMS 0x00000000e1500000, 0x00000000e1500000| Untracked 
|  22|0x00000000e1600000, 0x00000000e1600000, 0x00000000e1700000|  0%| F|  |TAMS 0x00000000e1600000, 0x00000000e1600000| Untracked 
|  23|0x00000000e1700000, 0x00000000e1700000, 0x00000000e1800000|  0%| F|  |TAMS 0x00000000e1700000, 0x00000000e1700000| Untracked 
|  24|0x00000000e1800000, 0x00000000e1800000, 0x00000000e1900000|  0%| F|  |TAMS 0x00000000e1800000, 0x00000000e1800000| Untracked 
|  25|0x00000000e1900000, 0x00000000e1900000, 0x00000000e1a00000|  0%| F|  |TAMS 0x00000000e1900000, 0x00000000e1900000| Untracked 
|  26|0x00000000e1a00000, 0x00000000e1a00000, 0x00000000e1b00000|  0%| F|  |TAMS 0x00000000e1a00000, 0x00000000e1a00000| Untracked 
|  27|0x00000000e1b00000, 0x00000000e1b00000, 0x00000000e1c00000|  0%| F|  |TAMS 0x00000000e1b00000, 0x00000000e1b00000| Untracked 
|  28|0x00000000e1c00000, 0x00000000e1c00000, 0x00000000e1d00000|  0%| F|  |TAMS 0x00000000e1c00000, 0x00000000e1c00000| Untracked 
|  29|0x00000000e1d00000, 0x00000000e1d00000, 0x00000000e1e00000|  0%| F|  |TAMS 0x00000000e1d00000, 0x00000000e1d00000| Untracked 
|  30|0x00000000e1e00000, 0x00000000e1e00000, 0x00000000e1f00000|  0%| F|  |TAMS 0x00000000e1e00000, 0x00000000e1e00000| Untracked 
|  31|0x00000000e1f00000, 0x00000000e1f00000, 0x00000000e2000000|  0%| F|  |TAMS 0x00000000e1f00000, 0x00000000e1f00000| Untracked 
|  32|0x00000000e2000000, 0x00000000e2000000, 0x00000000e2100000|  0%| F|  |TAMS 0x00000000e2000000, 0x00000000e2000000| Untracked 
|  33|0x00000000e2100000, 0x00000000e2100000, 0x00000000e2200000|  0%| F|  |TAMS 0x00000000e2100000, 0x00000000e2100000| Untracked 
|  34|0x00000000e2200000, 0x00000000e2200000, 0x00000000e2300000|  0%| F|  |TAMS 0x00000000e2200000, 0x00000000e2200000| Untracked 
|  35|0x00000000e2300000, 0x00000000e2300000, 0x00000000e2400000|  0%| F|  |TAMS 0x00000000e2300000, 0x00000000e2300000| Untracked 
|  36|0x00000000e2400000, 0x00000000e2400000, 0x00000000e2500000|  0%| F|  |TAMS 0x00000000e2400000, 0x00000000e2400000| Untracked 
|  37|0x00000000e2500000, 0x00000000e2500000, 0x00000000e2600000|  0%| F|  |TAMS 0x00000000e2500000, 0x00000000e2500000| Untracked 
|  38|0x00000000e2600000, 0x00000000e2600000, 0x00000000e2700000|  0%| F|  |TAMS 0x00000000e2600000, 0x00000000e2600000| Untracked 
|  39|0x00000000e2700000, 0x00000000e2700000, 0x00000000e2800000|  0%| F|  |TAMS 0x00000000e2700000, 0x00000000e2700000| Untracked 
|  40|0x00000000e2800000, 0x00000000e2800000, 0x00000000e2900000|  0%| F|  |TAMS 0x00000000e2800000, 0x00000000e2800000| Untracked 
|  41|0x00000000e2900000, 0x00000000e2900000, 0x00000000e2a00000|  0%| F|  |TAMS 0x00000000e2900000, 0x00000000e2900000| Untracked 
|  42|0x00000000e2a00000, 0x00000000e2a00000, 0x00000000e2b00000|  0%| F|  |TAMS 0x00000000e2a00000, 0x00000000e2a00000| Untracked 
|  43|0x00000000e2b00000, 0x00000000e2b00000, 0x00000000e2c00000|  0%| F|  |TAMS 0x00000000e2b00000, 0x00000000e2b00000| Untracked 
|  44|0x00000000e2c00000, 0x00000000e2c00000, 0x00000000e2d00000|  0%| F|  |TAMS 0x00000000e2c00000, 0x00000000e2c00000| Untracked 
|  45|0x00000000e2d00000, 0x00000000e2d00000, 0x00000000e2e00000|  0%| F|  |TAMS 0x00000000e2d00000, 0x00000000e2d00000| Untracked 
|  46|0x00000000e2e00000, 0x00000000e2e00000, 0x00000000e2f00000|  0%| F|  |TAMS 0x00000000e2e00000, 0x00000000e2e00000| Untracked 
|  47|0x00000000e2f00000, 0x00000000e2f00000, 0x00000000e3000000|  0%| F|  |TAMS 0x00000000e2f00000, 0x00000000e2f00000| Untracked 
|  48|0x00000000e3000000, 0x00000000e3000000, 0x00000000e3100000|  0%| F|  |TAMS 0x00000000e3000000, 0x00000000e3000000| Untracked 
|  49|0x00000000e3100000, 0x00000000e3100000, 0x00000000e3200000|  0%| F|  |TAMS 0x00000000e3100000, 0x00000000e3100000| Untracked 
|  50|0x00000000e3200000, 0x00000000e3200000, 0x00000000e3300000|  0%| F|  |TAMS 0x00000000e3200000, 0x00000000e3200000| Untracked 
|  51|0x00000000e3300000, 0x00000000e3300000, 0x00000000e3400000|  0%| F|  |TAMS 0x00000000e3300000, 0x00000000e3300000| Untracked 
|  52|0x00000000e3400000, 0x00000000e3400000, 0x00000000e3500000|  0%| F|  |TAMS 0x00000000e3400000, 0x00000000e3400000| Untracked 
|  53|0x00000000e3500000, 0x00000000e3500000, 0x00000000e3600000|  0%| F|  |TAMS 0x00000000e3500000, 0x00000000e3500000| Untracked 
|  54|0x00000000e3600000, 0x00000000e3600000, 0x00000000e3700000|  0%| F|  |TAMS 0x00000000e3600000, 0x00000000e3600000| Untracked 
|  55|0x00000000e3700000, 0x00000000e3700000, 0x00000000e3800000|  0%| F|  |TAMS 0x00000000e3700000, 0x00000000e3700000| Untracked 
|  56|0x00000000e3800000, 0x00000000e3800000, 0x00000000e3900000|  0%| F|  |TAMS 0x00000000e3800000, 0x00000000e3800000| Untracked 
|  57|0x00000000e3900000, 0x00000000e3900000, 0x00000000e3a00000|  0%| F|  |TAMS 0x00000000e3900000, 0x00000000e3900000| Untracked 
|  58|0x00000000e3a00000, 0x00000000e3a00000, 0x00000000e3b00000|  0%| F|  |TAMS 0x00000000e3a00000, 0x00000000e3a00000| Untracked 
|  59|0x00000000e3b00000, 0x00000000e3b00000, 0x00000000e3c00000|  0%| F|  |TAMS 0x00000000e3b00000, 0x00000000e3b00000| Untracked 
|  60|0x00000000e3c00000, 0x00000000e3c00000, 0x00000000e3d00000|  0%| F|  |TAMS 0x00000000e3c00000, 0x00000000e3c00000| Untracked 
|  61|0x00000000e3d00000, 0x00000000e3d00000, 0x00000000e3e00000|  0%| F|  |TAMS 0x00000000e3d00000, 0x00000000e3d00000| Untracked 
|  62|0x00000000e3e00000, 0x00000000e3e00000, 0x00000000e3f00000|  0%| F|  |TAMS 0x00000000e3e00000, 0x00000000e3e00000| Untracked 
|  63|0x00000000e3f00000, 0x00000000e3f00000, 0x00000000e4000000|  0%| F|  |TAMS 0x00000000e3f00000, 0x00000000e3f00000| Untracked 
|  64|0x00000000e4000000, 0x00000000e4000000, 0x00000000e4100000|  0%| F|  |TAMS 0x00000000e4000000, 0x00000000e4000000| Untracked 
|  65|0x00000000e4100000, 0x00000000e4100000, 0x00000000e4200000|  0%| F|  |TAMS 0x00000000e4100000, 0x00000000e4100000| Untracked 
|  66|0x00000000e4200000, 0x00000000e4200000, 0x00000000e4300000|  0%| F|  |TAMS 0x00000000e4200000, 0x00000000e4200000| Untracked 
|  67|0x00000000e4300000, 0x00000000e4300000, 0x00000000e4400000|  0%| F|  |TAMS 0x00000000e4300000, 0x00000000e4300000| Untracked 
|  68|0x00000000e4400000, 0x00000000e4400000, 0x00000000e4500000|  0%| F|  |TAMS 0x00000000e4400000, 0x00000000e4400000| Untracked 
|  69|0x00000000e4500000, 0x00000000e4500000, 0x00000000e4600000|  0%| F|  |TAMS 0x00000000e4500000, 0x00000000e4500000| Untracked 
|  70|0x00000000e4600000, 0x00000000e4600000, 0x00000000e4700000|  0%| F|  |TAMS 0x00000000e4600000, 0x00000000e4600000| Untracked 
|  71|0x00000000e4700000, 0x00000000e4700000, 0x00000000e4800000|  0%| F|  |TAMS 0x00000000e4700000, 0x00000000e4700000| Untracked 
|  72|0x00000000e4800000, 0x00000000e4800000, 0x00000000e4900000|  0%| F|  |TAMS 0x00000000e4800000, 0x00000000e4800000| Untracked 
|  73|0x00000000e4900000, 0x00000000e4900000, 0x00000000e4a00000|  0%| F|  |TAMS 0x00000000e4900000, 0x00000000e4900000| Untracked 
|  74|0x00000000e4a00000, 0x00000000e4a00000, 0x00000000e4b00000|  0%| F|  |TAMS 0x00000000e4a00000, 0x00000000e4a00000| Untracked 
|  75|0x00000000e4b00000, 0x00000000e4b00000, 0x00000000e4c00000|  0%| F|  |TAMS 0x00000000e4b00000, 0x00000000e4b00000| Untracked 
|  76|0x00000000e4c00000, 0x00000000e4c00000, 0x00000000e4d00000|  0%| F|  |TAMS 0x00000000e4c00000, 0x00000000e4c00000| Untracked 
|  77|0x00000000e4d00000, 0x00000000e4d00000, 0x00000000e4e00000|  0%| F|  |TAMS 0x00000000e4d00000, 0x00000000e4d00000| Untracked 
|  78|0x00000000e4e00000, 0x00000000e4e00000, 0x00000000e4f00000|  0%| F|  |TAMS 0x00000000e4e00000, 0x00000000e4e00000| Untracked 
|  79|0x00000000e4f00000, 0x00000000e4f00000, 0x00000000e5000000|  0%| F|  |TAMS 0x00000000e4f00000, 0x00000000e4f00000| Untracked 
|  80|0x00000000e5000000, 0x00000000e5000000, 0x00000000e5100000|  0%| F|  |TAMS 0x00000000e5000000, 0x00000000e5000000| Untracked 
|  81|0x00000000e5100000, 0x00000000e5100000, 0x00000000e5200000|  0%| F|  |TAMS 0x00000000e5100000, 0x00000000e5100000| Untracked 
|  82|0x00000000e5200000, 0x00000000e5200000, 0x00000000e5300000|  0%| F|  |TAMS 0x00000000e5200000, 0x00000000e5200000| Untracked 
|  83|0x00000000e5300000, 0x00000000e5300000, 0x00000000e5400000|  0%| F|  |TAMS 0x00000000e5300000, 0x00000000e5300000| Untracked 
|  84|0x00000000e5400000, 0x00000000e5400000, 0x00000000e5500000|  0%| F|  |TAMS 0x00000000e5400000, 0x00000000e5400000| Untracked 
|  85|0x00000000e5500000, 0x00000000e5500000, 0x00000000e5600000|  0%| F|  |TAMS 0x00000000e5500000, 0x00000000e5500000| Untracked 
|  86|0x00000000e5600000, 0x00000000e5600000, 0x00000000e5700000|  0%| F|  |TAMS 0x00000000e5600000, 0x00000000e5600000| Untracked 
|  87|0x00000000e5700000, 0x00000000e5700000, 0x00000000e5800000|  0%| F|  |TAMS 0x00000000e5700000, 0x00000000e5700000| Untracked 
|  88|0x00000000e5800000, 0x00000000e5800000, 0x00000000e5900000|  0%| F|  |TAMS 0x00000000e5800000, 0x00000000e5800000| Untracked 
|  89|0x00000000e5900000, 0x00000000e5900000, 0x00000000e5a00000|  0%| F|  |TAMS 0x00000000e5900000, 0x00000000e5900000| Untracked 
|  90|0x00000000e5a00000, 0x00000000e5a00000, 0x00000000e5b00000|  0%| F|  |TAMS 0x00000000e5a00000, 0x00000000e5a00000| Untracked 
|  91|0x00000000e5b00000, 0x00000000e5b00000, 0x00000000e5c00000|  0%| F|  |TAMS 0x00000000e5b00000, 0x00000000e5b00000| Untracked 
|  92|0x00000000e5c00000, 0x00000000e5c00000, 0x00000000e5d00000|  0%| F|  |TAMS 0x00000000e5c00000, 0x00000000e5c00000| Untracked 
|  93|0x00000000e5d00000, 0x00000000e5d00000, 0x00000000e5e00000|  0%| F|  |TAMS 0x00000000e5d00000, 0x00000000e5d00000| Untracked 
|  94|0x00000000e5e00000, 0x00000000e5e00000, 0x00000000e5f00000|  0%| F|  |TAMS 0x00000000e5e00000, 0x00000000e5e00000| Untracked 
|  95|0x00000000e5f00000, 0x00000000e5f00000, 0x00000000e6000000|  0%| F|  |TAMS 0x00000000e5f00000, 0x00000000e5f00000| Untracked 
|  96|0x00000000e6000000, 0x00000000e6000000, 0x00000000e6100000|  0%| F|  |TAMS 0x00000000e6000000, 0x00000000e6000000| Untracked 
|  97|0x00000000e6100000, 0x00000000e6100000, 0x00000000e6200000|  0%| F|  |TAMS 0x00000000e6100000, 0x00000000e6100000| Untracked 
|  98|0x00000000e6200000, 0x00000000e6200000, 0x00000000e6300000|  0%| F|  |TAMS 0x00000000e6200000, 0x00000000e6200000| Untracked 
|  99|0x00000000e6300000, 0x00000000e6300000, 0x00000000e6400000|  0%| F|  |TAMS 0x00000000e6300000, 0x00000000e6300000| Untracked 
| 100|0x00000000e6400000, 0x00000000e6400000, 0x00000000e6500000|  0%| F|  |TAMS 0x00000000e6400000, 0x00000000e6400000| Untracked 
| 101|0x00000000e6500000, 0x00000000e6500000, 0x00000000e6600000|  0%| F|  |TAMS 0x00000000e6500000, 0x00000000e6500000| Untracked 
| 102|0x00000000e6600000, 0x00000000e6600000, 0x00000000e6700000|  0%| F|  |TAMS 0x00000000e6600000, 0x00000000e6600000| Untracked 
| 103|0x00000000e6700000, 0x00000000e6700000, 0x00000000e6800000|  0%| F|  |TAMS 0x00000000e6700000, 0x00000000e6700000| Untracked 
| 104|0x00000000e6800000, 0x00000000e6800000, 0x00000000e6900000|  0%| F|  |TAMS 0x00000000e6800000, 0x00000000e6800000| Untracked 
| 105|0x00000000e6900000, 0x00000000e6900000, 0x00000000e6a00000|  0%| F|  |TAMS 0x00000000e6900000, 0x00000000e6900000| Untracked 
| 106|0x00000000e6a00000, 0x00000000e6a00000, 0x00000000e6b00000|  0%| F|  |TAMS 0x00000000e6a00000, 0x00000000e6a00000| Untracked 
| 107|0x00000000e6b00000, 0x00000000e6b00000, 0x00000000e6c00000|  0%| F|  |TAMS 0x00000000e6b00000, 0x00000000e6b00000| Untracked 
| 108|0x00000000e6c00000, 0x00000000e6c00000, 0x00000000e6d00000|  0%| F|  |TAMS 0x00000000e6c00000, 0x00000000e6c00000| Untracked 
| 109|0x00000000e6d00000, 0x00000000e6d00000, 0x00000000e6e00000|  0%| F|  |TAMS 0x00000000e6d00000, 0x00000000e6d00000| Untracked 
| 110|0x00000000e6e00000, 0x00000000e6e00000, 0x00000000e6f00000|  0%| F|  |TAMS 0x00000000e6e00000, 0x00000000e6e00000| Untracked 
| 111|0x00000000e6f00000, 0x00000000e6f00000, 0x00000000e7000000|  0%| F|  |TAMS 0x00000000e6f00000, 0x00000000e6f00000| Untracked 
| 112|0x00000000e7000000, 0x00000000e7000000, 0x00000000e7100000|  0%| F|  |TAMS 0x00000000e7000000, 0x00000000e7000000| Untracked 
| 113|0x00000000e7100000, 0x00000000e7100000, 0x00000000e7200000|  0%| F|  |TAMS 0x00000000e7100000, 0x00000000e7100000| Untracked 
| 114|0x00000000e7200000, 0x00000000e7200000, 0x00000000e7300000|  0%| F|  |TAMS 0x00000000e7200000, 0x00000000e7200000| Untracked 
| 115|0x00000000e7300000, 0x00000000e7300000, 0x00000000e7400000|  0%| F|  |TAMS 0x00000000e7300000, 0x00000000e7300000| Untracked 
| 116|0x00000000e7400000, 0x00000000e7400000, 0x00000000e7500000|  0%| F|  |TAMS 0x00000000e7400000, 0x00000000e7400000| Untracked 
| 117|0x00000000e7500000, 0x00000000e7500000, 0x00000000e7600000|  0%| F|  |TAMS 0x00000000e7500000, 0x00000000e7500000| Untracked 
| 118|0x00000000e7600000, 0x00000000e7600000, 0x00000000e7700000|  0%| F|  |TAMS 0x00000000e7600000, 0x00000000e7600000| Untracked 
| 119|0x00000000e7700000, 0x00000000e7700000, 0x00000000e7800000|  0%| F|  |TAMS 0x00000000e7700000, 0x00000000e7700000| Untracked 
| 120|0x00000000e7800000, 0x00000000e7800000, 0x00000000e7900000|  0%| F|  |TAMS 0x00000000e7800000, 0x00000000e7800000| Untracked 
| 121|0x00000000e7900000, 0x00000000e7900000, 0x00000000e7a00000|  0%| F|  |TAMS 0x00000000e7900000, 0x00000000e7900000| Untracked 
| 122|0x00000000e7a00000, 0x00000000e7a00000, 0x00000000e7b00000|  0%| F|  |TAMS 0x00000000e7a00000, 0x00000000e7a00000| Untracked 
| 123|0x00000000e7b00000, 0x00000000e7b00000, 0x00000000e7c00000|  0%| F|  |TAMS 0x00000000e7b00000, 0x00000000e7b00000| Untracked 
| 124|0x00000000e7c00000, 0x00000000e7c00000, 0x00000000e7d00000|  0%| F|  |TAMS 0x00000000e7c00000, 0x00000000e7c00000| Untracked 
| 125|0x00000000e7d00000, 0x00000000e7d00000, 0x00000000e7e00000|  0%| F|  |TAMS 0x00000000e7d00000, 0x00000000e7d00000| Untracked 
| 126|0x00000000e7e00000, 0x00000000e7e00000, 0x00000000e7f00000|  0%| F|  |TAMS 0x00000000e7e00000, 0x00000000e7e00000| Untracked 
| 127|0x00000000e7f00000, 0x00000000e7f00000, 0x00000000e8000000|  0%| F|  |TAMS 0x00000000e7f00000, 0x00000000e7f00000| Untracked 
| 128|0x00000000e8000000, 0x00000000e8000000, 0x00000000e8100000|  0%| F|  |TAMS 0x00000000e8000000, 0x00000000e8000000| Untracked 
| 129|0x00000000e8100000, 0x00000000e8100000, 0x00000000e8200000|  0%| F|  |TAMS 0x00000000e8100000, 0x00000000e8100000| Untracked 
| 130|0x00000000e8200000, 0x00000000e8200000, 0x00000000e8300000|  0%| F|  |TAMS 0x00000000e8200000, 0x00000000e8200000| Untracked 
| 131|0x00000000e8300000, 0x00000000e8300000, 0x00000000e8400000|  0%| F|  |TAMS 0x00000000e8300000, 0x00000000e8300000| Untracked 
| 132|0x00000000e8400000, 0x00000000e8400000, 0x00000000e8500000|  0%| F|  |TAMS 0x00000000e8400000, 0x00000000e8400000| Untracked 
| 133|0x00000000e8500000, 0x00000000e8500000, 0x00000000e8600000|  0%| F|  |TAMS 0x00000000e8500000, 0x00000000e8500000| Untracked 
| 134|0x00000000e8600000, 0x00000000e8600000, 0x00000000e8700000|  0%| F|  |TAMS 0x00000000e8600000, 0x00000000e8600000| Untracked 
| 135|0x00000000e8700000, 0x00000000e8700000, 0x00000000e8800000|  0%| F|  |TAMS 0x00000000e8700000, 0x00000000e8700000| Untracked 
| 136|0x00000000e8800000, 0x00000000e8800000, 0x00000000e8900000|  0%| F|  |TAMS 0x00000000e8800000, 0x00000000e8800000| Untracked 
| 137|0x00000000e8900000, 0x00000000e8900000, 0x00000000e8a00000|  0%| F|  |TAMS 0x00000000e8900000, 0x00000000e8900000| Untracked 
| 138|0x00000000e8a00000, 0x00000000e8a00000, 0x00000000e8b00000|  0%| F|  |TAMS 0x00000000e8a00000, 0x00000000e8a00000| Untracked 
| 139|0x00000000e8b00000, 0x00000000e8b00000, 0x00000000e8c00000|  0%| F|  |TAMS 0x00000000e8b00000, 0x00000000e8b00000| Untracked 
| 140|0x00000000e8c00000, 0x00000000e8c00000, 0x00000000e8d00000|  0%| F|  |TAMS 0x00000000e8c00000, 0x00000000e8c00000| Untracked 
| 141|0x00000000e8d00000, 0x00000000e8d00000, 0x00000000e8e00000|  0%| F|  |TAMS 0x00000000e8d00000, 0x00000000e8d00000| Untracked 
| 142|0x00000000e8e00000, 0x00000000e8e00000, 0x00000000e8f00000|  0%| F|  |TAMS 0x00000000e8e00000, 0x00000000e8e00000| Untracked 
| 143|0x00000000e8f00000, 0x00000000e8f00000, 0x00000000e9000000|  0%| F|  |TAMS 0x00000000e8f00000, 0x00000000e8f00000| Untracked 
| 144|0x00000000e9000000, 0x00000000e9000000, 0x00000000e9100000|  0%| F|  |TAMS 0x00000000e9000000, 0x00000000e9000000| Untracked 
| 145|0x00000000e9100000, 0x00000000e9100000, 0x00000000e9200000|  0%| F|  |TAMS 0x00000000e9100000, 0x00000000e9100000| Untracked 
| 146|0x00000000e9200000, 0x00000000e9200000, 0x00000000e9300000|  0%| F|  |TAMS 0x00000000e9200000, 0x00000000e9200000| Untracked 
| 147|0x00000000e9300000, 0x00000000e9300000, 0x00000000e9400000|  0%| F|  |TAMS 0x00000000e9300000, 0x00000000e9300000| Untracked 
| 148|0x00000000e9400000, 0x00000000e9400000, 0x00000000e9500000|  0%| F|  |TAMS 0x00000000e9400000, 0x00000000e9400000| Untracked 
| 149|0x00000000e9500000, 0x00000000e9500000, 0x00000000e9600000|  0%| F|  |TAMS 0x00000000e9500000, 0x00000000e9500000| Untracked 
| 150|0x00000000e9600000, 0x00000000e9600000, 0x00000000e9700000|  0%| F|  |TAMS 0x00000000e9600000, 0x00000000e9600000| Untracked 
| 151|0x00000000e9700000, 0x00000000e9700000, 0x00000000e9800000|  0%| F|  |TAMS 0x00000000e9700000, 0x00000000e9700000| Untracked 
| 152|0x00000000e9800000, 0x00000000e9800000, 0x00000000e9900000|  0%| F|  |TAMS 0x00000000e9800000, 0x00000000e9800000| Untracked 
| 153|0x00000000e9900000, 0x00000000e9900000, 0x00000000e9a00000|  0%| F|  |TAMS 0x00000000e9900000, 0x00000000e9900000| Untracked 
| 154|0x00000000e9a00000, 0x00000000e9a00000, 0x00000000e9b00000|  0%| F|  |TAMS 0x00000000e9a00000, 0x00000000e9a00000| Untracked 
| 155|0x00000000e9b00000, 0x00000000e9b00000, 0x00000000e9c00000|  0%| F|  |TAMS 0x00000000e9b00000, 0x00000000e9b00000| Untracked 
| 156|0x00000000e9c00000, 0x00000000e9c00000, 0x00000000e9d00000|  0%| F|  |TAMS 0x00000000e9c00000, 0x00000000e9c00000| Untracked 
| 157|0x00000000e9d00000, 0x00000000e9d00000, 0x00000000e9e00000|  0%| F|  |TAMS 0x00000000e9d00000, 0x00000000e9d00000| Untracked 
| 158|0x00000000e9e00000, 0x00000000e9e00000, 0x00000000e9f00000|  0%| F|  |TAMS 0x00000000e9e00000, 0x00000000e9e00000| Untracked 
| 159|0x00000000e9f00000, 0x00000000e9f00000, 0x00000000ea000000|  0%| F|  |TAMS 0x00000000e9f00000, 0x00000000e9f00000| Untracked 
| 160|0x00000000ea000000, 0x00000000ea000000, 0x00000000ea100000|  0%| F|  |TAMS 0x00000000ea000000, 0x00000000ea000000| Untracked 
| 161|0x00000000ea100000, 0x00000000ea100000, 0x00000000ea200000|  0%| F|  |TAMS 0x00000000ea100000, 0x00000000ea100000| Untracked 
| 162|0x00000000ea200000, 0x00000000ea200000, 0x00000000ea300000|  0%| F|  |TAMS 0x00000000ea200000, 0x00000000ea200000| Untracked 
| 163|0x00000000ea300000, 0x00000000ea300000, 0x00000000ea400000|  0%| F|  |TAMS 0x00000000ea300000, 0x00000000ea300000| Untracked 
| 164|0x00000000ea400000, 0x00000000ea400000, 0x00000000ea500000|  0%| F|  |TAMS 0x00000000ea400000, 0x00000000ea400000| Untracked 
| 165|0x00000000ea500000, 0x00000000ea500000, 0x00000000ea600000|  0%| F|  |TAMS 0x00000000ea500000, 0x00000000ea500000| Untracked 
| 166|0x00000000ea600000, 0x00000000ea600000, 0x00000000ea700000|  0%| F|  |TAMS 0x00000000ea600000, 0x00000000ea600000| Untracked 
| 167|0x00000000ea700000, 0x00000000ea700000, 0x00000000ea800000|  0%| F|  |TAMS 0x00000000ea700000, 0x00000000ea700000| Untracked 
| 168|0x00000000ea800000, 0x00000000ea800000, 0x00000000ea900000|  0%| F|  |TAMS 0x00000000ea800000, 0x00000000ea800000| Untracked 
| 169|0x00000000ea900000, 0x00000000ea900000, 0x00000000eaa00000|  0%| F|  |TAMS 0x00000000ea900000, 0x00000000ea900000| Untracked 
| 170|0x00000000eaa00000, 0x00000000eaa00000, 0x00000000eab00000|  0%| F|  |TAMS 0x00000000eaa00000, 0x00000000eaa00000| Untracked 
| 171|0x00000000eab00000, 0x00000000eab00000, 0x00000000eac00000|  0%| F|  |TAMS 0x00000000eab00000, 0x00000000eab00000| Untracked 
| 172|0x00000000eac00000, 0x00000000eac00000, 0x00000000ead00000|  0%| F|  |TAMS 0x00000000eac00000, 0x00000000eac00000| Untracked 
| 173|0x00000000ead00000, 0x00000000ead00000, 0x00000000eae00000|  0%| F|  |TAMS 0x00000000ead00000, 0x00000000ead00000| Untracked 
| 174|0x00000000eae00000, 0x00000000eae00000, 0x00000000eaf00000|  0%| F|  |TAMS 0x00000000eae00000, 0x00000000eae00000| Untracked 
| 175|0x00000000eaf00000, 0x00000000eaf00000, 0x00000000eb000000|  0%| F|  |TAMS 0x00000000eaf00000, 0x00000000eaf00000| Untracked 
| 176|0x00000000eb000000, 0x00000000eb000000, 0x00000000eb100000|  0%| F|  |TAMS 0x00000000eb000000, 0x00000000eb000000| Untracked 
| 177|0x00000000eb100000, 0x00000000eb100000, 0x00000000eb200000|  0%| F|  |TAMS 0x00000000eb100000, 0x00000000eb100000| Untracked 
| 178|0x00000000eb200000, 0x00000000eb200000, 0x00000000eb300000|  0%| F|  |TAMS 0x00000000eb200000, 0x00000000eb200000| Untracked 
| 179|0x00000000eb300000, 0x00000000eb300000, 0x00000000eb400000|  0%| F|  |TAMS 0x00000000eb300000, 0x00000000eb300000| Untracked 
| 180|0x00000000eb400000, 0x00000000eb400000, 0x00000000eb500000|  0%| F|  |TAMS 0x00000000eb400000, 0x00000000eb400000| Untracked 
| 181|0x00000000eb500000, 0x00000000eb500000, 0x00000000eb600000|  0%| F|  |TAMS 0x00000000eb500000, 0x00000000eb500000| Untracked 
| 182|0x00000000eb600000, 0x00000000eb600000, 0x00000000eb700000|  0%| F|  |TAMS 0x00000000eb600000, 0x00000000eb600000| Untracked 
| 183|0x00000000eb700000, 0x00000000eb700000, 0x00000000eb800000|  0%| F|  |TAMS 0x00000000eb700000, 0x00000000eb700000| Untracked 
| 184|0x00000000eb800000, 0x00000000eb800000, 0x00000000eb900000|  0%| F|  |TAMS 0x00000000eb800000, 0x00000000eb800000| Untracked 
| 185|0x00000000eb900000, 0x00000000eb900000, 0x00000000eba00000|  0%| F|  |TAMS 0x00000000eb900000, 0x00000000eb900000| Untracked 
| 186|0x00000000eba00000, 0x00000000eba00000, 0x00000000ebb00000|  0%| F|  |TAMS 0x00000000eba00000, 0x00000000eba00000| Untracked 
| 187|0x00000000ebb00000, 0x00000000ebb00000, 0x00000000ebc00000|  0%| F|  |TAMS 0x00000000ebb00000, 0x00000000ebb00000| Untracked 
| 188|0x00000000ebc00000, 0x00000000ebc00000, 0x00000000ebd00000|  0%| F|  |TAMS 0x00000000ebc00000, 0x00000000ebc00000| Untracked 
| 189|0x00000000ebd00000, 0x00000000ebd00000, 0x00000000ebe00000|  0%| F|  |TAMS 0x00000000ebd00000, 0x00000000ebd00000| Untracked 
| 190|0x00000000ebe00000, 0x00000000ebe00000, 0x00000000ebf00000|  0%| F|  |TAMS 0x00000000ebe00000, 0x00000000ebe00000| Untracked 
| 191|0x00000000ebf00000, 0x00000000ebf00000, 0x00000000ec000000|  0%| F|  |TAMS 0x00000000ebf00000, 0x00000000ebf00000| Untracked 
| 192|0x00000000ec000000, 0x00000000ec000000, 0x00000000ec100000|  0%| F|  |TAMS 0x00000000ec000000, 0x00000000ec000000| Untracked 
| 193|0x00000000ec100000, 0x00000000ec100000, 0x00000000ec200000|  0%| F|  |TAMS 0x00000000ec100000, 0x00000000ec100000| Untracked 
| 194|0x00000000ec200000, 0x00000000ec200000, 0x00000000ec300000|  0%| F|  |TAMS 0x00000000ec200000, 0x00000000ec200000| Untracked 
| 195|0x00000000ec300000, 0x00000000ec300000, 0x00000000ec400000|  0%| F|  |TAMS 0x00000000ec300000, 0x00000000ec300000| Untracked 
| 196|0x00000000ec400000, 0x00000000ec400000, 0x00000000ec500000|  0%| F|  |TAMS 0x00000000ec400000, 0x00000000ec400000| Untracked 
| 197|0x00000000ec500000, 0x00000000ec500000, 0x00000000ec600000|  0%| F|  |TAMS 0x00000000ec500000, 0x00000000ec500000| Untracked 
| 198|0x00000000ec600000, 0x00000000ec600000, 0x00000000ec700000|  0%| F|  |TAMS 0x00000000ec600000, 0x00000000ec600000| Untracked 
| 199|0x00000000ec700000, 0x00000000ec700000, 0x00000000ec800000|  0%| F|  |TAMS 0x00000000ec700000, 0x00000000ec700000| Untracked 
| 200|0x00000000ec800000, 0x00000000ec800000, 0x00000000ec900000|  0%| F|  |TAMS 0x00000000ec800000, 0x00000000ec800000| Untracked 
| 201|0x00000000ec900000, 0x00000000ec900000, 0x00000000eca00000|  0%| F|  |TAMS 0x00000000ec900000, 0x00000000ec900000| Untracked 
| 202|0x00000000eca00000, 0x00000000eca00000, 0x00000000ecb00000|  0%| F|  |TAMS 0x00000000eca00000, 0x00000000eca00000| Untracked 
| 203|0x00000000ecb00000, 0x00000000ecb00000, 0x00000000ecc00000|  0%| F|  |TAMS 0x00000000ecb00000, 0x00000000ecb00000| Untracked 
| 204|0x00000000ecc00000, 0x00000000ecc00000, 0x00000000ecd00000|  0%| F|  |TAMS 0x00000000ecc00000, 0x00000000ecc00000| Untracked 
| 205|0x00000000ecd00000, 0x00000000ecd81ea0, 0x00000000ece00000| 50%| E|  |TAMS 0x00000000ecd00000, 0x00000000ecd00000| Complete 
| 206|0x00000000ece00000, 0x00000000ecf00000, 0x00000000ecf00000|100%| E|CS|TAMS 0x00000000ece00000, 0x00000000ece00000| Complete 
| 207|0x00000000ecf00000, 0x00000000ed000000, 0x00000000ed000000|100%| E|CS|TAMS 0x00000000ecf00000, 0x00000000ecf00000| Complete 
| 208|0x00000000ed000000, 0x00000000ed100000, 0x00000000ed100000|100%| E|CS|TAMS 0x00000000ed000000, 0x00000000ed000000| Complete 
| 209|0x00000000ed100000, 0x00000000ed200000, 0x00000000ed200000|100%| E|CS|TAMS 0x00000000ed100000, 0x00000000ed100000| Complete 
| 210|0x00000000ed200000, 0x00000000ed300000, 0x00000000ed300000|100%| E|CS|TAMS 0x00000000ed200000, 0x00000000ed200000| Complete 
| 211|0x00000000ed300000, 0x00000000ed400000, 0x00000000ed400000|100%| E|  |TAMS 0x00000000ed300000, 0x00000000ed300000| Complete 
| 212|0x00000000ed400000, 0x00000000ed500000, 0x00000000ed500000|100%| E|CS|TAMS 0x00000000ed400000, 0x00000000ed400000| Complete 
| 213|0x00000000ed500000, 0x00000000ed600000, 0x00000000ed600000|100%| E|CS|TAMS 0x00000000ed500000, 0x00000000ed500000| Complete 
| 214|0x00000000ed600000, 0x00000000ed700000, 0x00000000ed700000|100%| E|CS|TAMS 0x00000000ed600000, 0x00000000ed600000| Complete 
| 215|0x00000000ed700000, 0x00000000ed800000, 0x00000000ed800000|100%| E|CS|TAMS 0x00000000ed700000, 0x00000000ed700000| Complete 
| 216|0x00000000ed800000, 0x00000000ed900000, 0x00000000ed900000|100%| E|CS|TAMS 0x00000000ed800000, 0x00000000ed800000| Complete 
| 217|0x00000000ed900000, 0x00000000eda00000, 0x00000000eda00000|100%| E|CS|TAMS 0x00000000ed900000, 0x00000000ed900000| Complete 
| 218|0x00000000eda00000, 0x00000000edb00000, 0x00000000edb00000|100%| E|CS|TAMS 0x00000000eda00000, 0x00000000eda00000| Complete 
| 219|0x00000000edb00000, 0x00000000edc00000, 0x00000000edc00000|100%| E|CS|TAMS 0x00000000edb00000, 0x00000000edb00000| Complete 
| 220|0x00000000edc00000, 0x00000000edd00000, 0x00000000edd00000|100%| E|CS|TAMS 0x00000000edc00000, 0x00000000edc00000| Complete 
| 221|0x00000000edd00000, 0x00000000ede00000, 0x00000000ede00000|100%| E|CS|TAMS 0x00000000edd00000, 0x00000000edd00000| Complete 
| 222|0x00000000ede00000, 0x00000000edf00000, 0x00000000edf00000|100%| E|CS|TAMS 0x00000000ede00000, 0x00000000ede00000| Complete 
| 223|0x00000000edf00000, 0x00000000ee000000, 0x00000000ee000000|100%| E|CS|TAMS 0x00000000edf00000, 0x00000000edf00000| Complete 
| 224|0x00000000ee000000, 0x00000000ee100000, 0x00000000ee100000|100%| E|CS|TAMS 0x00000000ee000000, 0x00000000ee000000| Complete 
| 225|0x00000000ee100000, 0x00000000ee200000, 0x00000000ee200000|100%| E|CS|TAMS 0x00000000ee100000, 0x00000000ee100000| Complete 
| 226|0x00000000ee200000, 0x00000000ee300000, 0x00000000ee300000|100%| E|CS|TAMS 0x00000000ee200000, 0x00000000ee200000| Complete 
| 227|0x00000000ee300000, 0x00000000ee400000, 0x00000000ee400000|100%| E|CS|TAMS 0x00000000ee300000, 0x00000000ee300000| Complete 
| 228|0x00000000ee400000, 0x00000000ee500000, 0x00000000ee500000|100%| E|CS|TAMS 0x00000000ee400000, 0x00000000ee400000| Complete 
| 229|0x00000000ee500000, 0x00000000ee600000, 0x00000000ee600000|100%| E|CS|TAMS 0x00000000ee500000, 0x00000000ee500000| Complete 
| 230|0x00000000ee600000, 0x00000000ee700000, 0x00000000ee700000|100%| E|CS|TAMS 0x00000000ee600000, 0x00000000ee600000| Complete 
| 231|0x00000000ee700000, 0x00000000ee800000, 0x00000000ee800000|100%| E|CS|TAMS 0x00000000ee700000, 0x00000000ee700000| Complete 
| 232|0x00000000ee800000, 0x00000000ee900000, 0x00000000ee900000|100%| E|CS|TAMS 0x00000000ee800000, 0x00000000ee800000| Complete 
| 233|0x00000000ee900000, 0x00000000eea00000, 0x00000000eea00000|100%| E|CS|TAMS 0x00000000ee900000, 0x00000000ee900000| Complete 
| 234|0x00000000eea00000, 0x00000000eeb00000, 0x00000000eeb00000|100%| E|CS|TAMS 0x00000000eea00000, 0x00000000eea00000| Complete 
| 235|0x00000000eeb00000, 0x00000000eec00000, 0x00000000eec00000|100%| E|CS|TAMS 0x00000000eeb00000, 0x00000000eeb00000| Complete 
| 236|0x00000000eec00000, 0x00000000eed00000, 0x00000000eed00000|100%| E|CS|TAMS 0x00000000eec00000, 0x00000000eec00000| Complete 
| 237|0x00000000eed00000, 0x00000000eee00000, 0x00000000eee00000|100%| E|CS|TAMS 0x00000000eed00000, 0x00000000eed00000| Complete 
| 238|0x00000000eee00000, 0x00000000eef00000, 0x00000000eef00000|100%| E|CS|TAMS 0x00000000eee00000, 0x00000000eee00000| Complete 
| 239|0x00000000eef00000, 0x00000000ef000000, 0x00000000ef000000|100%| E|CS|TAMS 0x00000000eef00000, 0x00000000eef00000| Complete 
| 240|0x00000000ef000000, 0x00000000ef100000, 0x00000000ef100000|100%| E|CS|TAMS 0x00000000ef000000, 0x00000000ef000000| Complete 
| 241|0x00000000ef100000, 0x00000000ef200000, 0x00000000ef200000|100%| S|CS|TAMS 0x00000000ef100000, 0x00000000ef100000| Complete 
| 242|0x00000000ef200000, 0x00000000ef300000, 0x00000000ef300000|100%| E|CS|TAMS 0x00000000ef200000, 0x00000000ef200000| Complete 
| 243|0x00000000ef300000, 0x00000000ef400000, 0x00000000ef400000|100%| E|CS|TAMS 0x00000000ef300000, 0x00000000ef300000| Complete 
| 244|0x00000000ef400000, 0x00000000ef500000, 0x00000000ef500000|100%| E|CS|TAMS 0x00000000ef400000, 0x00000000ef400000| Complete 
| 245|0x00000000ef500000, 0x00000000ef600000, 0x00000000ef600000|100%| E|CS|TAMS 0x00000000ef500000, 0x00000000ef500000| Complete 
| 246|0x00000000ef600000, 0x00000000ef700000, 0x00000000ef700000|100%| E|CS|TAMS 0x00000000ef600000, 0x00000000ef600000| Complete 
| 247|0x00000000ef700000, 0x00000000ef800000, 0x00000000ef800000|100%| E|CS|TAMS 0x00000000ef700000, 0x00000000ef700000| Complete 
| 248|0x00000000ef800000, 0x00000000ef900000, 0x00000000ef900000|100%| E|CS|TAMS 0x00000000ef800000, 0x00000000ef800000| Complete 
| 249|0x00000000ef900000, 0x00000000efa00000, 0x00000000efa00000|100%| E|CS|TAMS 0x00000000ef900000, 0x00000000ef900000| Complete 
| 250|0x00000000efa00000, 0x00000000efb00000, 0x00000000efb00000|100%| E|CS|TAMS 0x00000000efa00000, 0x00000000efa00000| Complete 
| 251|0x00000000efb00000, 0x00000000efc00000, 0x00000000efc00000|100%| E|CS|TAMS 0x00000000efb00000, 0x00000000efb00000| Complete 
| 252|0x00000000efc00000, 0x00000000efd00000, 0x00000000efd00000|100%| E|CS|TAMS 0x00000000efc00000, 0x00000000efc00000| Complete 
| 253|0x00000000efd00000, 0x00000000efe00000, 0x00000000efe00000|100%| E|CS|TAMS 0x00000000efd00000, 0x00000000efd00000| Complete 
| 254|0x00000000efe00000, 0x00000000eff00000, 0x00000000eff00000|100%| E|CS|TAMS 0x00000000efe00000, 0x00000000efe00000| Complete 
| 255|0x00000000eff00000, 0x00000000f0000000, 0x00000000f0000000|100%| E|CS|TAMS 0x00000000eff00000, 0x00000000eff00000| Complete 

Card table byte_map: [0x0000026ef9580000,0x0000026ef9680000] _byte_map_base: 0x0000026ef8e80000

Marking Bits (Prev, Next): (CMBitMap*) 0x0000026ef8e6d5d0, (CMBitMap*) 0x0000026ef8e6d598
 Prev Bits: [0x0000026ef9f80000, 0x0000026efa780000)
 Next Bits: [0x0000026ef9780000, 0x0000026ef9f80000)

Polling page: 0x0000026ef6dc0000

Metaspace:

Usage:
  Non-class:     24.39 MB capacity,    23.84 MB ( 98%) used,   503.63 KB (  2%) free+waste,    59.44 KB ( <1%) overhead. 
      Class:      3.83 MB capacity,     3.55 MB ( 93%) used,   258.39 KB (  7%) free+waste,    29.81 KB ( <1%) overhead. 
       Both:     28.22 MB capacity,    27.39 MB ( 97%) used,   762.02 KB (  3%) free+waste,    89.25 KB ( <1%) overhead. 

Virtual space:
  Non-class space:       26.00 MB reserved,      24.42 MB ( 94%) committed 
      Class space:      248.00 MB reserved,       3.88 MB (  2%) committed 
             Both:      274.00 MB reserved,      28.30 MB ( 10%) committed 

Chunk freelists:
   Non-Class:  30.00 KB
       Class:  12.00 KB
        Both:  42.00 KB

MaxMetaspaceSize: 256.00 MB
CompressedClassSpaceSize: 248.00 MB

CodeHeap 'non-profiled nmethods': size=120000Kb used=1155Kb max_used=1155Kb free=118844Kb
 bounds [0x0000026e900e0000, 0x0000026e90350000, 0x0000026e97610000]
CodeHeap 'profiled nmethods': size=120000Kb used=5025Kb max_used=5025Kb free=114974Kb
 bounds [0x0000026e88bb0000, 0x0000026e890a0000, 0x0000026e900e0000]
CodeHeap 'non-nmethods': size=5760Kb used=1162Kb max_used=1195Kb free=4597Kb
 bounds [0x0000026e88610000, 0x0000026e88880000, 0x0000026e88bb0000]
 total_blobs=2900 nmethods=2395 adapters=416
 compilation: enabled
              stopped_count=0, restarted_count=0
 full_count=0

Compilation events (20 events):
Event: 3.862 Thread 0x0000026efdda5000 2374       3       java.math.BigInteger::implMulAdd (81 bytes)
Event: 3.862 Thread 0x0000026efdda5000 nmethod 2374 0x0000026e89085490 code [0x0000026e89085640, 0x0000026e89085878]
Event: 3.862 Thread 0x0000026efdda5000 2370       2       java.math.BigInteger::mulAdd (19 bytes)
Event: 3.862 Thread 0x0000026efdda5000 nmethod 2370 0x0000026e89085a10 code [0x0000026e89085bc0, 0x0000026e89085d18]
Event: 3.862 Thread 0x0000026efdda5000 2375       2       sun.security.util.DerValue::init (206 bytes)
Event: 3.864 Thread 0x0000026efdda5000 nmethod 2375 0x0000026e89085e10 code [0x0000026e89086100, 0x0000026e89087008]
Event: 3.864 Thread 0x0000026efdda5000 2377       2       sun.security.util.DerValue::isPrintableStringChar (184 bytes)
Event: 3.865 Thread 0x0000026efdda5000 nmethod 2377 0x0000026e89087690 code [0x0000026e89087840, 0x0000026e890879d8]
Event: 3.865 Thread 0x0000026efdda5000 2378       2       sun.security.provider.SHA2::implCompress0 (322 bytes)
Event: 3.866 Thread 0x0000026efdda5000 nmethod 2378 0x0000026e89087a90 code [0x0000026e89087c80, 0x0000026e89088358]
Event: 3.866 Thread 0x0000026efdda5000 2376       2       sun.security.util.IOUtils::readExactlyNBytes (53 bytes)
Event: 3.867 Thread 0x0000026efdda5000 nmethod 2376 0x0000026e89088790 code [0x0000026e890889c0, 0x0000026e89088eb8]
Event: 3.867 Thread 0x0000026efdda5000 2381 %     3       sun.security.provider.SHA2::implCompress0 @ 3 (322 bytes)
Event: 3.868 Thread 0x0000026efdda5000 nmethod 2381% 0x0000026e89089190 code [0x0000026e89089440, 0x0000026e8908a338]
Event: 3.868 Thread 0x0000026efdda5000 2379       2       sun.security.provider.SHA2::implCompress (13 bytes)
Event: 3.869 Thread 0x0000026efdda5000 nmethod 2379 0x0000026e8908ab90 code [0x0000026e8908ad60, 0x0000026e8908af68]
Event: 3.869 Thread 0x0000026efdda5000 2382       3       sun.security.provider.SHA2::implCompress0 (322 bytes)
Event: 3.871 Thread 0x0000026efdda5000 nmethod 2382 0x0000026e8908b090 code [0x0000026e8908b320, 0x0000026e8908c0f8]
Event: 3.871 Thread 0x0000026efdda5000 2380       2       sun.security.provider.SHA2::implCompressCheck (15 bytes)
Event: 3.872 Thread 0x0000026efdda5000 nmethod 2380 0x0000026e8908c890 code [0x0000026e8908ca60, 0x0000026e8908cc38]

GC Heap History (6 events):
Event: 0.619 GC heap before
{Heap before GC invocations=0 (full 0):
 garbage-first heap   total 262144K, used 29696K [0x00000000e0000000, 0x0000000100000000)
  region size 1024K, 24 young (24576K), 0 survivors (0K)
 Metaspace       used 10184K, capacity 10486K, committed 10624K, reserved 264192K
  class space    used 1062K, capacity 1138K, committed 1152K, reserved 253952K
}
Event: 0.626 GC heap after
{Heap after GC invocations=1 (full 0):
 garbage-first heap   total 262144K, used 9377K [0x00000000e0000000, 0x0000000100000000)
  region size 1024K, 3 young (3072K), 3 survivors (3072K)
 Metaspace       used 10184K, capacity 10486K, committed 10624K, reserved 264192K
  class space    used 1062K, capacity 1138K, committed 1152K, reserved 253952K
}
Event: 3.037 GC heap before
{Heap before GC invocations=1 (full 0):
 garbage-first heap   total 262144K, used 107681K [0x00000000e0000000, 0x0000000100000000)
  region size 1024K, 100 young (102400K), 3 survivors (3072K)
 Metaspace       used 20665K, capacity 21136K, committed 21296K, reserved 274432K
  class space    used 2531K, capacity 2678K, committed 2688K, reserved 253952K
}
Event: 3.045 GC heap after
{Heap after GC invocations=2 (full 0):
 garbage-first heap   total 262144K, used 16730K [0x00000000e0000000, 0x0000000100000000)
  region size 1024K, 11 young (11264K), 11 survivors (11264K)
 Metaspace       used 20665K, capacity 21136K, committed 21296K, reserved 274432K
  class space    used 2531K, capacity 2678K, committed 2688K, reserved 253952K
}
Event: 3.203 GC heap before
{Heap before GC invocations=3 (full 0):
 garbage-first heap   total 262144K, used 31066K [0x00000000e0000000, 0x0000000100000000)
  region size 1024K, 25 young (25600K), 11 survivors (11264K)
 Metaspace       used 22495K, capacity 23074K, committed 23216K, reserved 274432K
  class space    used 2829K, capacity 3032K, committed 3072K, reserved 253952K
}
Event: 3.208 GC heap after
{Heap after GC invocations=4 (full 0):
 garbage-first heap   total 262144K, used 17628K [0x00000000e0000000, 0x0000000100000000)
  region size 1024K, 1 young (1024K), 1 survivors (1024K)
 Metaspace       used 22495K, capacity 23074K, committed 23216K, reserved 274432K
  class space    used 2829K, capacity 3032K, committed 3072K, reserved 253952K
}

Deoptimization events (20 events):
Event: 3.849 Thread 0x0000026e978aa800 DEOPT PACKING pc=0x0000026e901a3f04 sp=0x000000b653cf74e0
Event: 3.849 Thread 0x0000026e978aa800 DEOPT UNPACKING pc=0x0000026e886378af sp=0x000000b653cf73a8 mode 2
Event: 3.860 Thread 0x0000026e978aa800 DEOPT PACKING pc=0x0000026e89082db7 sp=0x000000b653cf8ca0
Event: 3.860 Thread 0x0000026e978aa800 DEOPT UNPACKING pc=0x0000026e886376ce sp=0x000000b653cf8120 mode 0
Event: 3.860 Thread 0x0000026e978aa800 DEOPT PACKING pc=0x0000026e89082db7 sp=0x000000b653cf8c20
Event: 3.860 Thread 0x0000026e978aa800 DEOPT UNPACKING pc=0x0000026e886376ce sp=0x000000b653cf80a0 mode 0
Event: 3.869 Thread 0x0000026e978aa800 DEOPT PACKING pc=0x0000026e8908815d sp=0x000000b653cf9160
Event: 3.869 Thread 0x0000026e978aa800 DEOPT UNPACKING pc=0x0000026e886376ce sp=0x000000b653cf8630 mode 0
Event: 3.869 Thread 0x0000026e978aa800 DEOPT PACKING pc=0x0000026e8908815d sp=0x000000b653cf9160
Event: 3.869 Thread 0x0000026e978aa800 DEOPT UNPACKING pc=0x0000026e886376ce sp=0x000000b653cf8618 mode 0
Event: 3.869 Thread 0x0000026e978aa800 DEOPT PACKING pc=0x0000026e8908815d sp=0x000000b653cf9160
Event: 3.869 Thread 0x0000026e978aa800 DEOPT UNPACKING pc=0x0000026e886376ce sp=0x000000b653cf8618 mode 0
Event: 3.870 Thread 0x0000026e978aa800 DEOPT PACKING pc=0x0000026e8908815d sp=0x000000b653cf9160
Event: 3.870 Thread 0x0000026e978aa800 DEOPT UNPACKING pc=0x0000026e886376ce sp=0x000000b653cf8618 mode 0
Event: 3.870 Thread 0x0000026e978aa800 DEOPT PACKING pc=0x0000026e8908815d sp=0x000000b653cf9160
Event: 3.870 Thread 0x0000026e978aa800 DEOPT UNPACKING pc=0x0000026e886376ce sp=0x000000b653cf8618 mode 0
Event: 3.870 Thread 0x0000026e978aa800 DEOPT PACKING pc=0x0000026e8908815d sp=0x000000b653cf9160
Event: 3.870 Thread 0x0000026e978aa800 DEOPT UNPACKING pc=0x0000026e886376ce sp=0x000000b653cf8618 mode 0
Event: 3.870 Thread 0x0000026e978aa800 DEOPT PACKING pc=0x0000026e8908815d sp=0x000000b653cf9160
Event: 3.871 Thread 0x0000026e978aa800 DEOPT UNPACKING pc=0x0000026e886376ce sp=0x000000b653cf8618 mode 0

Classes redefined (0 events):
No events

Internal exceptions (20 events):
Event: 3.100 Thread 0x0000026e978aa800 Exception <a 'java/lang/NoSuchMethodError'{0x00000000efc9f6c0}: 'int java.lang.invoke.DirectMethodHandle$Holder.invokeSpecialIFC(java.lang.Object, java.lang.Object, java.lang.Object, java.lang.Object)'> (0x00000000efc9f6c0) thrown at [./src/hotspot/share/interpreter/linkResolver.cpp, line 773]
Event: 3.101 Thread 0x0000026e978aa800 Exception <a 'java/lang/NoSuchMethodError'{0x00000000efcad678}: 'java.lang.Object java.lang.invoke.DirectMethodHandle$Holder.invokeInterface(java.lang.Object, java.lang.Object, java.lang.Object)'> (0x00000000efcad678) thrown at [./src/hotspot/share/interpreter/linkResolver.cpp, line 773]
Event: 3.101 Thread 0x0000026e978aa800 Exception <a 'java/lang/IncompatibleClassChangeError'{0x00000000efcb0b50}: Found class java.lang.Object, but interface was expected> (0x00000000efcb0b50) thrown at [./src/hotspot/share/interpreter/linkResolver.cpp, line 839]
Event: 3.123 Thread 0x0000026e978aa800 Exception <a 'java/lang/NoSuchMethodError'{0x00000000efab59d0}: 'void java.lang.invoke.DirectMethodHandle$Holder.invokeStatic(java.lang.Object, java.lang.Object, java.lang.Object, java.lang.Object, java.lang.Object)'> (0x00000000efab59d0) thrown at [./src/hotspot/share/interpreter/linkResolver.cpp, line 773]
Event: 3.193 Thread 0x0000026e978aa800 Exception <a 'java/lang/NoSuchMethodError'{0x00000000ef38cf48}: 'java.lang.Object java.lang.invoke.DirectMethodHandle$Holder.invokeSpecial(java.lang.Object, java.lang.Object, java.lang.Object, java.lang.Object, java.lang.Object, java.lang.Object, java.lang.Object, java.lang.Object, java.lang.Object)'> (0x00000000ef38cf48) thrown at [./src/hotspot/share/interpreter/linkResolver.cpp, line 773]
Event: 3.259 Thread 0x0000026e978aa800 Exception <a 'java/lang/NoSuchMethodError'{0x00000000ef73c290}: 'java.lang.Object java.lang.invoke.DirectMethodHandle$Holder.invokeVirtual(java.lang.Object, java.lang.Object, java.lang.Object, java.lang.Object)'> (0x00000000ef73c290) thrown at [./src/hotspot/share/interpreter/linkResolver.cpp, line 773]
Event: 3.332 Thread 0x0000026e978aa800 Exception <a 'java/lang/NoSuchMethodError'{0x00000000eef0c078}: 'void java.lang.invoke.DirectMethodHandle$Holder.invokeSpecial(java.lang.Object, java.lang.Object, java.lang.Object, java.lang.Object, java.lang.Object, java.lang.Object)'> (0x00000000eef0c078) thrown at [./src/hotspot/share/interpreter/linkResolver.cpp, line 773]
Event: 3.341 Thread 0x0000026e978aa800 Exception <a 'java/lang/NoSuchMethodError'{0x00000000eef86e48}: 'void java.lang.invoke.DirectMethodHandle$Holder.invokeSpecial(java.lang.Object, java.lang.Object, java.lang.Object, java.lang.Object, java.lang.Object, java.lang.Object, java.lang.Object)'> (0x00000000eef86e48) thrown at [./src/hotspot/share/interpreter/linkResolver.cpp, line 773]
Event: 3.341 Thread 0x0000026e978aa800 Exception <a 'java/lang/NoSuchMethodError'{0x00000000eef8f338}: 'java.lang.Object java.lang.invoke.Invokers$Holder.linkToTargetMethod(java.lang.Object, java.lang.Object, java.lang.Object, java.lang.Object, java.lang.Object, java.lang.Object)'> (0x00000000eef8f338) thrown at [./src/hotspot/share/interpreter/linkResolver.cpp, line 773]
Event: 3.459 Thread 0x0000026e978aa800 Exception <a 'java/lang/NoSuchMethodError'{0x00000000ee6b13e8}: 'int java.lang.invoke.DirectMethodHandle$Holder.invokeStaticInit(java.lang.Object, java.lang.Object, java.lang.Object)'> (0x00000000ee6b13e8) thrown at [./src/hotspot/share/interpreter/linkResolver.cpp, line 773]
Event: 3.518 Thread 0x0000026e978aa800 Exception <a 'java/lang/NoSuchMethodError'{0x00000000ee1e0658}: 'void java.lang.invoke.DirectMethodHandle$Holder.invokeStaticInit(java.lang.Object, java.lang.Object)'> (0x00000000ee1e0658) thrown at [./src/hotspot/share/interpreter/linkResolver.cpp, line 773]
Event: 3.588 Thread 0x0000026e978aa800 Exception <a 'java/lang/NoSuchMethodError'{0x00000000edb0db18}: 'void java.lang.invoke.DirectMethodHandle$Holder.invokeStatic(java.lang.Object, java.lang.Object, java.lang.Object, java.lang.Object)'> (0x00000000edb0db18) thrown at [./src/hotspot/share/interpreter/linkResolver.cpp, line 773]
Event: 3.590 Thread 0x0000026e978aa800 Exception <a 'java/lang/NoSuchMethodError'{0x00000000edb21618}: 'int java.lang.invoke.DirectMethodHandle$Holder.invokeInterface(java.lang.Object, java.lang.Object)'> (0x00000000edb21618) thrown at [./src/hotspot/share/interpreter/linkResolver.cpp, line 773]
Event: 3.599 Thread 0x0000026e98a7a800 Exception <a 'java/lang/NoSuchMethodError'{0x00000000eff89370}: <clinit>> (0x00000000eff89370) thrown at [./src/hotspot/share/prims/jni.cpp, line 1362]
Event: 3.601 Thread 0x0000026e98a7a800 Exception <a 'java/lang/NoSuchMethodError'{0x00000000eff9de00}: <clinit>> (0x00000000eff9de00) thrown at [./src/hotspot/share/prims/jni.cpp, line 1362]
Event: 3.601 Thread 0x0000026e98a7a800 Exception <a 'java/lang/NoSuchMethodError'{0x00000000eff9eb50}: <clinit>> (0x00000000eff9eb50) thrown at [./src/hotspot/share/prims/jni.cpp, line 1362]
Event: 3.601 Thread 0x0000026e98a7a800 Exception <a 'java/lang/NoSuchMethodError'{0x00000000eff9fb70}: <clinit>> (0x00000000eff9fb70) thrown at [./src/hotspot/share/prims/jni.cpp, line 1362]
Event: 3.621 Thread 0x0000026e98a78000 Exception <a 'java/lang/NoSuchMethodError'{0x00000000ed90a288}: 'void java.lang.invoke.DirectMethodHandle$Holder.invokeSpecial(java.lang.Object, java.lang.Object)'> (0x00000000ed90a288) thrown at [./src/hotspot/share/interpreter/linkResolver.cpp, line 773]
Event: 3.648 Thread 0x0000026e978aa800 Exception <a 'java/lang/NoSuchMethodError'{0x00000000ed89bf68}: 'java.lang.Object java.lang.invoke.DirectMethodHandle$Holder.invokeStatic(java.lang.Object, java.lang.Object, int, java.lang.Object)'> (0x00000000ed89bf68) thrown at [./src/hotspot/share/interpreter/linkResolver.cpp, line 773]
Event: 3.648 Thread 0x0000026e978aa800 Exception <a 'java/lang/NoSuchMethodError'{0x00000000ed8a5e60}: 'java.lang.Object java.lang.invoke.Invokers$Holder.linkToTargetMethod(java.lang.Object, int, java.lang.Object, java.lang.Object)'> (0x00000000ed8a5e60) thrown at [./src/hotspot/share/interpreter/linkResolver.cpp, line 773]

Events (20 events):
Event: 3.855 loading class java/security/interfaces/RSAPrivateCrtKey done
Event: 3.855 loading class sun/security/rsa/RSAPrivateCrtKeyImpl done
Event: 3.855 loading class sun/security/rsa/RSAUtil$1
Event: 3.855 loading class sun/security/rsa/RSAUtil$1 done
Event: 3.855 loading class sun/security/rsa/RSACore
Event: 3.855 loading class sun/security/rsa/RSACore done
Event: 3.855 loading class sun/security/rsa/RSAPadding
Event: 3.855 loading class sun/security/rsa/RSAPadding done
Event: 3.855 loading class java/math/MutableBigInteger
Event: 3.856 loading class java/math/MutableBigInteger done
Event: 3.861 loading class javax/crypto/BadPaddingException
Event: 3.861 loading class javax/crypto/BadPaddingException done
Event: 3.862 loading class sun/security/provider/certpath/X509CertPath
Event: 3.862 loading class java/security/cert/CertPath
Event: 3.862 loading class java/security/cert/CertPath done
Event: 3.862 loading class sun/security/provider/certpath/X509CertPath done
Event: 3.862 loading class sun/security/timestamp/TimestampToken
Event: 3.862 loading class sun/security/timestamp/TimestampToken done
Event: 3.863 loading class java/security/Timestamp
Event: 3.863 loading class java/security/Timestamp done


Dynamic libraries:
0x00007ff6b03e0000 - 0x00007ff6b03ed000 	C:\Program Files\AdoptOpenJDK\jdk-11.0.10.9-hotspot\bin\java.exe
0x00007ffe0b210000 - 0x00007ffe0b408000 	C:\WINDOWS\SYSTEM32\ntdll.dll
0x00007ffdcd320000 - 0x00007ffdcd337000 	C:\Program Files\AVAST Software\Avast\aswhook.dll
0x00007ffe0a9f0000 - 0x00007ffe0aaad000 	C:\WINDOWS\System32\KERNEL32.DLL
0x00007ffe08fa0000 - 0x00007ffe0926e000 	C:\WINDOWS\System32\KERNELBASE.dll
0x00007ffe08a90000 - 0x00007ffe08b90000 	C:\WINDOWS\System32\ucrtbase.dll
0x00007ffde2c90000 - 0x00007ffde2ca7000 	C:\Program Files\AdoptOpenJDK\jdk-11.0.10.9-hotspot\bin\jli.dll
0x00007ffddee60000 - 0x00007ffddee75000 	C:\Program Files\AdoptOpenJDK\jdk-11.0.10.9-hotspot\bin\VCRUNTIME140.dll
0x00007ffe0af60000 - 0x00007ffe0b100000 	C:\WINDOWS\System32\USER32.dll
0x00007ffdedff0000 - 0x00007ffdee28a000 	C:\WINDOWS\WinSxS\amd64_microsoft.windows.common-controls_6595b64144ccf1df_6.0.19041.1110_none_60b5254171f9507e\COMCTL32.dll
0x00007ffe08c20000 - 0x00007ffe08c42000 	C:\WINDOWS\System32\win32u.dll
0x00007ffe0aab0000 - 0x00007ffe0ab4e000 	C:\WINDOWS\System32\msvcrt.dll
0x00007ffe0aeb0000 - 0x00007ffe0aeda000 	C:\WINDOWS\System32\GDI32.dll
0x00007ffe08e60000 - 0x00007ffe08f6b000 	C:\WINDOWS\System32\gdi32full.dll
0x00007ffe08c50000 - 0x00007ffe08ced000 	C:\WINDOWS\System32\msvcp_win.dll
0x00007ffe09f60000 - 0x00007ffe09f90000 	C:\WINDOWS\System32\IMM32.DLL
0x00007ffdc35e0000 - 0x00007ffdc367b000 	C:\Program Files\AdoptOpenJDK\jdk-11.0.10.9-hotspot\bin\msvcp140.dll
0x00007ffd62370000 - 0x00007ffd62eb3000 	C:\Program Files\AdoptOpenJDK\jdk-11.0.10.9-hotspot\bin\server\jvm.dll
0x00007ffe0a940000 - 0x00007ffe0a9ee000 	C:\WINDOWS\System32\ADVAPI32.dll
0x00007ffe09270000 - 0x00007ffe0930c000 	C:\WINDOWS\System32\sechost.dll
0x00007ffe0ad80000 - 0x00007ffe0aea5000 	C:\WINDOWS\System32\RPCRT4.dll
0x00007ffe09f50000 - 0x00007ffe09f58000 	C:\WINDOWS\System32\PSAPI.DLL
0x00007ffdfb240000 - 0x00007ffdfb267000 	C:\WINDOWS\SYSTEM32\WINMM.dll
0x00007ffdfeca0000 - 0x00007ffdfecaa000 	C:\WINDOWS\SYSTEM32\VERSION.dll
0x00007ffde98a0000 - 0x00007ffde98a9000 	C:\WINDOWS\SYSTEM32\WSOCK32.dll
0x00007ffe0ad10000 - 0x00007ffe0ad7b000 	C:\WINDOWS\System32\WS2_32.dll
0x00007ffe06a00000 - 0x00007ffe06a12000 	C:\WINDOWS\SYSTEM32\kernel.appcore.dll
0x00007ffdea250000 - 0x00007ffdea260000 	C:\Program Files\AdoptOpenJDK\jdk-11.0.10.9-hotspot\bin\verify.dll
0x00007ffe06540000 - 0x00007ffe06724000 	C:\WINDOWS\SYSTEM32\DBGHELP.DLL
0x00007ffdf7950000 - 0x00007ffdf797c000 	C:\WINDOWS\SYSTEM32\dbgcore.DLL
0x00007ffe08b90000 - 0x00007ffe08c12000 	C:\WINDOWS\System32\bcryptPrimitives.dll
0x00007ffdc5120000 - 0x00007ffdc5148000 	C:\Program Files\AdoptOpenJDK\jdk-11.0.10.9-hotspot\bin\java.dll
0x00007ffde4ef0000 - 0x00007ffde4efa000 	C:\Program Files\AdoptOpenJDK\jdk-11.0.10.9-hotspot\bin\jimage.dll
0x00007ffddee40000 - 0x00007ffddee57000 	C:\Program Files\AdoptOpenJDK\jdk-11.0.10.9-hotspot\bin\zip.dll
0x00007ffe09800000 - 0x00007ffe09f43000 	C:\WINDOWS\System32\SHELL32.dll
0x00007ffe06a20000 - 0x00007ffe071b5000 	C:\WINDOWS\SYSTEM32\windows.storage.dll
0x00007ffe094a0000 - 0x00007ffe097f4000 	C:\WINDOWS\System32\combase.dll
0x00007ffe08390000 - 0x00007ffe083c0000 	C:\WINDOWS\SYSTEM32\Wldp.dll
0x00007ffe0ac60000 - 0x00007ffe0ad0d000 	C:\WINDOWS\System32\SHCORE.dll
0x00007ffe09310000 - 0x00007ffe09365000 	C:\WINDOWS\System32\shlwapi.dll
0x00007ffe08870000 - 0x00007ffe0888f000 	C:\WINDOWS\SYSTEM32\profapi.dll
0x00007ffdc4390000 - 0x00007ffdc43a9000 	C:\Program Files\AdoptOpenJDK\jdk-11.0.10.9-hotspot\bin\net.dll
0x00007ffe01d10000 - 0x00007ffe01e1a000 	C:\WINDOWS\SYSTEM32\WINHTTP.dll
0x00007ffe080f0000 - 0x00007ffe0815a000 	C:\WINDOWS\system32\mswsock.dll
0x00007ffdc4370000 - 0x00007ffdc4382000 	C:\Program Files\AdoptOpenJDK\jdk-11.0.10.9-hotspot\bin\nio.dll
0x00007ffde1790000 - 0x00007ffde17b7000 	C:\Users\idest\.gradle\native\e1d6ef7f7dcc3fd88c89a11ec53ec762bb8ba0a96d01ffa2cd45eb1d1d8dd5c5\windows-amd64\native-platform.dll
0x00007ffd66890000 - 0x00007ffd669d4000 	C:\Users\idest\.gradle\native\5664cfc778a61ccfe75a443a1ab52a65af34e5dc3c78e0209fed803814484fcb\windows-amd64\native-platform-file-events.dll
0x00007ffde4930000 - 0x00007ffde4939000 	C:\Program Files\AdoptOpenJDK\jdk-11.0.10.9-hotspot\bin\management.dll
0x00007ffde3e60000 - 0x00007ffde3e6b000 	C:\Program Files\AdoptOpenJDK\jdk-11.0.10.9-hotspot\bin\management_ext.dll
0x00007ffe082e0000 - 0x00007ffe082f8000 	C:\WINDOWS\SYSTEM32\CRYPTSP.dll
0x00007ffe07a00000 - 0x00007ffe07a34000 	C:\WINDOWS\system32\rsaenh.dll
0x00007ffe08f70000 - 0x00007ffe08f97000 	C:\WINDOWS\System32\bcrypt.dll
0x00007ffe087f0000 - 0x00007ffe0881e000 	C:\WINDOWS\SYSTEM32\USERENV.dll
0x00007ffe08300000 - 0x00007ffe0830c000 	C:\WINDOWS\SYSTEM32\CRYPTBASE.dll
0x00007ffe07d90000 - 0x00007ffe07dcb000 	C:\WINDOWS\SYSTEM32\IPHLPAPI.DLL
0x00007ffe0a070000 - 0x00007ffe0a078000 	C:\WINDOWS\System32\NSI.dll
0x00007ffe02040000 - 0x00007ffe02057000 	C:\WINDOWS\SYSTEM32\dhcpcsvc6.DLL
0x00007ffe015e0000 - 0x00007ffe015fd000 	C:\WINDOWS\SYSTEM32\dhcpcsvc.DLL
0x00007ffe07dd0000 - 0x00007ffe07e9a000 	C:\WINDOWS\SYSTEM32\DNSAPI.dll

dbghelp: loaded successfully - version: 4.0.5 - missing functions: none
symbol engine: initialized successfully - sym options: 0x614 - pdb path: .;C:\Program Files\AdoptOpenJDK\jdk-11.0.10.9-hotspot\bin;C:\WINDOWS\SYSTEM32;C:\Program Files\AVAST Software\Avast;C:\WINDOWS\WinSxS\amd64_microsoft.windows.common-controls_6595b64144ccf1df_6.0.19041.1110_none_60b5254171f9507e;C:\Program Files\AdoptOpenJDK\jdk-11.0.10.9-hotspot\bin\server;C:\Users\idest\.gradle\native\e1d6ef7f7dcc3fd88c89a11ec53ec762bb8ba0a96d01ffa2cd45eb1d1d8dd5c5\windows-amd64;C:\Users\idest\.gradle\native\5664cfc778a61ccfe75a443a1ab52a65af34e5dc3c78e0209fed803814484fcb\windows-amd64

VM Arguments:
jvm_args: --add-opens=java.base/java.util=ALL-UNNAMED --add-opens=java.base/java.lang=ALL-UNNAMED --add-opens=java.base/java.lang.invoke=ALL-UNNAMED --add-opens=java.base/java.util=ALL-UNNAMED --add-opens=java.prefs/java.util.prefs=ALL-UNNAMED --add-opens=java.prefs/java.util.prefs=ALL-UNNAMED --add-opens=java.base/java.nio.charset=ALL-UNNAMED --add-opens=java.base/java.net=ALL-UNNAMED --add-opens=java.base/java.util.concurrent.atomic=ALL-UNNAMED -XX:MaxMetaspaceSize=256m -XX:+HeapDumpOnOutOfMemoryError -Xms256m -Xmx512m -Dfile.encoding=utf8 -Duser.country=FR -Duser.language=fr -Duser.variant 
java_command: org.gradle.launcher.daemon.bootstrap.GradleDaemon 7.2
java_class_path (initial): C:\Users\idest\.gradle\wrapper\dists\gradle-7.2-bin\2dnblmf4td7x66yl1d74lt32g\gradle-7.2\lib\gradle-launcher-7.2.jar
Launcher Type: SUN_STANDARD

[Global flags]
     intx CICompilerCount                          = 4                                         {product} {ergonomic}
   size_t CompressedClassSpaceSize                 = 260046848                                 {product} {ergonomic}
     uint ConcGCThreads                            = 3                                         {product} {ergonomic}
     uint G1ConcRefinementThreads                  = 10                                        {product} {ergonomic}
   size_t G1HeapRegionSize                         = 1048576                                   {product} {ergonomic}
    uintx GCDrainStackTargetSize                   = 64                                        {product} {ergonomic}
     bool HeapDumpOnOutOfMemoryError               = true                                   {manageable} {command line}
   size_t InitialHeapSize                          = 268435456                                 {product} {command line}
   size_t MarkStackSize                            = 4194304                                   {product} {ergonomic}
   size_t MaxHeapSize                              = 536870912                                 {product} {command line}
   size_t MaxMetaspaceSize                         = 268435456                                 {product} {command line}
   size_t MaxNewSize                               = 321912832                                 {product} {ergonomic}
   size_t MinHeapDeltaBytes                        = 1048576                                   {product} {ergonomic}
    uintx NonNMethodCodeHeapSize                   = 5836300                                {pd product} {ergonomic}
    uintx NonProfiledCodeHeapSize                  = 122910970                              {pd product} {ergonomic}
    uintx ProfiledCodeHeapSize                     = 122910970                              {pd product} {ergonomic}
    uintx ReservedCodeCacheSize                    = 251658240                              {pd product} {ergonomic}
     bool SegmentedCodeCache                       = true                                      {product} {ergonomic}
     bool UseCompressedClassPointers               = true                                 {lp64_product} {ergonomic}
     bool UseCompressedOops                        = true                                 {lp64_product} {ergonomic}
     bool UseG1GC                                  = true                                      {product} {ergonomic}
     bool UseLargePagesIndividualAllocation        = false                                  {pd product} {ergonomic}

Logging:
Log output configuration:
 #0: stdout all=warning uptime,level,tags
 #1: stderr all=off uptime,level,tags

Environment Variables:
PATH=D:\Program Files\CPLEX\opl\bin\x64_win64;D:\Program Files\CPLEX\opl\oplide\;D:\Program Files\CPLEX\cplex\bin\x64_win64;D:\Program Files\CPLEX\cpoptimizer\bin\x64_win64;C:\Program Files\AdoptOpenJDK\jdk-11.0.10.9-hotspot\bin;C:\Program Files (x86)\Common Files\Oracle\Java\javapath;C:\windows\system32;C:\windows;C:\windows\System32\Wbem;C:\windows\System32\WindowsPowerShell\v1.0\;C:\windows\System32\OpenSSH\;C:\Program Files (x86)\Intel\Intel(R) Management Engine Components\DAL;C:\Program Files\Intel\Intel(R) Management Engine Components\DAL;C:\Program Files (x86)\NVIDIA Corporation\PhysX\Common;C:\Program Files\NVIDIA Corporation\NVIDIA NvDLISR;C:\Program Files\dotnet\;C:\MinGW\bin;;C:\WINDOWS\system32;C:\WINDOWS;C:\WINDOWS\System32\Wbem;C:\WINDOWS\System32\WindowsPowerShell\v1.0\;C:\WINDOWS\System32\OpenSSH\;C:\Program Files (x86)\Touch Portal\plugins\adb\platform-tools;C:\Users\idest\AppData\Local\Microsoft\WindowsApps;C:\Users\idest\AppData\Local\Programs\Microsoft VS Code\bin;C:\Users\idest\AppData\Local\GitHubDesktop\bin
USERNAME=iDestinyMan
OS=Windows_NT
PROCESSOR_IDENTIFIER=Intel64 Family 6 Model 158 Stepping 10, GenuineIntel



---------------  S Y S T E M  ---------------

OS: Windows 10 , 64 bit Build 19041 (10.0.19041.1889)
OS uptime: 0 days 1:39 hours

CPU:total 12 (initial active 12) (6 cores per cpu, 2 threads per core) family 6 model 158 stepping 10 microcode 0xb4, cmov, cx8, fxsr, mmx, sse, sse2, sse3, ssse3, sse4.1, sse4.2, popcnt, avx, avx2, aes, clmul, erms, 3dnowpref, lzcnt, ht, tsc, tscinvbit, bmi1, bmi2, adx, fma

Memory: 4k page, system-wide physical 12176M (2218M free)
TotalPageFile size 15248M (AvailPageFile size 63M)
current process WorkingSet (physical memory assigned to process): 263M, peak: 264M
current process commit charge ("private bytes"): 446M, peak: 447M

vm_info: OpenJDK 64-Bit Server VM (11.0.10+9) for windows-amd64 JRE (11.0.10+9), built on Jan 20 2021 06:07:07 by "" with MS VC++ 15.9 (VS2017)

END.
